Removed Pin From Net: NetName=SCL Pin=LCD*-1
Removed Pin From Net: NetName=SDA Pin=LCD*-2
Removed Pin From Net: NetName=+5 Pin=LCD*-3
Removed Pin From Net: NetName=GND Pin=LCD*-4
Removed Pin From Net: NetName=GND Pin=LCD*-4
Removed Pin From Net: NetName=GND Pin=LCD*-4
Removed Pin From Net: NetName=GND Pin=LCD*-4
Removed Pin From Net: NetName=GND Pin=LCD*-4
Removed Pin From Net: NetName=+3.3 Pin=U2-4
Removed Member From Class: ClassName=attendance_SYS Member=LCD*
Added Component: Designator=C10(HDR4)
Add component (AddParameter): Name = "ComponentLink1 Description"; Value = "Manufacturer"; VariantName = "[No Variations]"
Add component (AddParameter): Name = "ComponentLink1URL"; Value = "http://www.we-online.com"; VariantName = "[No Variations]"
Add component (AddParameter): Name = "ComponentLink2 Description"; Value = "Datasheet"; VariantName = "[No Variations]"
Add component (AddParameter): Name = "ComponentLink2URL"; Value = "http://katalog.we-online.de/em/datasheet/6130xx143121.pdf"; VariantName = "[No Variations]"
Add component (AddParameter): Name = "Created by"; Value = "Karrer Zheng"; VariantName = "[No Variations]"
Add component (AddParameter): Name = "Created Date"; Value = "29 March 2013"; VariantName = "[No Variations]"
Add component (AddParameter): Name = "Manufacturer"; Value = "W¨¹rth Elektronik eiSos GmbH"; VariantName = "[No Variations]"
Add component (AddParameter): Name = "NoPins"; Value = "02"; VariantName = "[No Variations]"
Add component (AddParameter): Name = "partNo"; Value = "613002143121"; VariantName = "[No Variations]"
Added Pin To Net: NetName=+5 Pin=C10-1
Added Pin To Net: NetName=GND Pin=C10-2
Added Pin To Net: NetName=SDA Pin=C10-3
Added Pin To Net: NetName=SCL Pin=C10-4
Added Member To Class: ClassName=attendance_SYS Member=Component C10 Header4
