Removed Pin From Net: NetName=+3.3 Pin=U2-4
Removed Pin From Net: NetName=+5 Pin=U4-1
Removed Pin From Net: NetName=GND Pin=U4-3
Removed Pin From Net: NetName=MISO Pin=U4-5
Removed Pin From Net: NetName=MOSI Pin=U4-6
Removed Pin From Net: NetName=SCK Pin=U4-7
Removed Pin From Net: NetName=CS Pin=U4-8
Removed Member From Class: ClassName=attendance_SYS Member=U4
Added Component: Designator=C11(HDR6)
Add component (AddParameter): Name = "ComponentLink1 Description"; Value = "Manufacturer"; VariantName = "[No Variations]"
Add component (AddParameter): Name = "ComponentLink1URL"; Value = "http://www.we-online.com"; VariantName = "[No Variations]"
Add component (AddParameter): Name = "ComponentLink2 Description"; Value = "Datasheet"; VariantName = "[No Variations]"
Add component (AddParameter): Name = "ComponentLink2URL"; Value = "http://katalog.we-online.de/em/datasheet/6130xx143121.pdf"; VariantName = "[No Variations]"
Add component (AddParameter): Name = "Created by"; Value = "Karrer Zheng"; VariantName = "[No Variations]"
Add component (AddParameter): Name = "Created Date"; Value = "29 March 2013"; VariantName = "[No Variations]"
Add component (AddParameter): Name = "Manufacturer"; Value = "W¨¹rth Elektronik eiSos GmbH"; VariantName = "[No Variations]"
Add component (AddParameter): Name = "NoPins"; Value = "02"; VariantName = "[No Variations]"
Add component (AddParameter): Name = "partNo"; Value = "613002143121"; VariantName = "[No Variations]"
Added Pin To Net: NetName=+5 Pin=C11-1
Added Pin To Net: NetName=GND Pin=C11-2
Added Pin To Net: NetName=MOSI Pin=C11-3
Added Pin To Net: NetName=MISO Pin=C11-4
Added Pin To Net: NetName=SCK Pin=C11-5
Added Pin To Net: NetName=CS Pin=C11-6
Added Member To Class: ClassName=attendance_SYS Member=Component C11 Header6
